::1 - - [07/Sep/2025:17:44:14 +0000] "POST /accounts HTTP/1.1" 400 26 "-" "PostmanRuntime/7.45.0"
::1 - - [07/Sep/2025:17:53:43 +0000] "POST /accounts HTTP/1.1" 201 15 "-" "PostmanRuntime/7.45.0"
::1 - - [07/Sep/2025:17:55:27 +0000] "GET /accounts/employee?id=123456789 HTTP/1.1" 200 194 "-" "PostmanRuntime/7.45.0"
::1 - - [07/Sep/2025:17:57:46 +0000] "POST /accounts HTTP/1.1" 201 15 "-" "PostmanRuntime/7.45.0"
::1 - - [07/Sep/2025:18:00:14 +0000] "PATCH /accounts?id=123456789 HTTP/1.1" 200 198 "-" "PostmanRuntime/7.45.0"
::1 - - [07/Sep/2025:18:00:49 +0000] "PATCH /accounts?id=123456780 HTTP/1.1" 404 17 "-" "PostmanRuntime/7.45.0"
::1 - - [07/Sep/2025:18:00:54 +0000] "PATCH /accounts?id=123456789 HTTP/1.1" 200 198 "-" "PostmanRuntime/7.45.0"
::1 - - [07/Sep/2025:18:00:59 +0000] "PATCH /accounts?id=123456789 HTTP/1.1" 200 198 "-" "PostmanRuntime/7.45.0"
::1 - - [07/Sep/2025:18:03:22 +0000] "PATCH /accounts?= HTTP/1.1" 400 23 "-" "PostmanRuntime/7.45.0"
::1 - - [07/Sep/2025:18:03:40 +0000] "PATCH /accounts/password HTTP/1.1" 400 25 "-" "PostmanRuntime/7.45.0"
::1 - - [07/Sep/2025:18:42:08 +0000] "PATCH /accounts/password HTTP/1.1" 200 16 "-" "PostmanRuntime/7.45.0"
::1 - - [07/Sep/2025:18:45:36 +0000] "PATCH /accounts/roles?id=123456789&newRole=hr HTTP/1.1" 400 11 "-" "PostmanRuntime/7.45.0"
::1 - - [07/Sep/2025:18:45:45 +0000] "PATCH /accounts/roles?id=123456789&newRole=%22hr%22 HTTP/1.1" 400 11 "-" "PostmanRuntime/7.45.0"
::1 - - [07/Sep/2025:18:45:47 +0000] "PATCH /accounts/roles?id=123456789&newRole=%22hr%22 HTTP/1.1" 400 11 "-" "PostmanRuntime/7.45.0"
::1 - - [07/Sep/2025:18:45:48 +0000] "PATCH /accounts/roles?id=123456789&newRole=%22hr%22 HTTP/1.1" 400 11 "-" "PostmanRuntime/7.45.0"
::1 - - [07/Sep/2025:18:46:01 +0000] "PATCH /accounts/roles?id=123456789&newRole=%22manager%22 HTTP/1.1" 400 11 "-" "PostmanRuntime/7.45.0"
::1 - - [07/Sep/2025:18:46:06 +0000] "PATCH /accounts/roles?id=123456789&newRole=manager HTTP/1.1" 400 11 "-" "PostmanRuntime/7.45.0"
::1 - - [07/Sep/2025:18:47:08 +0000] "PATCH /accounts/roles?id=123456789&newRole=manager HTTP/1.1" 200 198 "-" "PostmanRuntime/7.45.0"
::1 - - [07/Sep/2025:18:49:25 +0000] "PATCH /accounts/roles?id=123456789&newRole=manager HTTP/1.1" 200 198 "-" "PostmanRuntime/7.45.0"
::1 - - [07/Sep/2025:18:50:17 +0000] "PATCH /accounts/roles?id=123456789&newRole=manager HTTP/1.1" 200 198 "-" "PostmanRuntime/7.45.0"
::1 - - [07/Sep/2025:18:50:31 +0000] "PATCH /accounts/roles?id=123456789&newRole=hr HTTP/1.1" 200 198 "-" "PostmanRuntime/7.45.0"
::1 - - [07/Sep/2025:18:52:12 +0000] "PATCH /accounts/roles?id=123456789&newRole=hr HTTP/1.1" 200 198 "-" "PostmanRuntime/7.45.0"
::1 - - [07/Sep/2025:18:54:11 +0000] "PATCH /accounts/roles?id=123456789&newRole=hr HTTP/1.1" 400 11 "-" "PostmanRuntime/7.45.0"
::1 - - [07/Sep/2025:18:54:49 +0000] "PATCH /accounts/roles?id=123456789&newRole=hr HTTP/1.1" 400 1607 "-" "PostmanRuntime/7.45.0"
::1 - - [07/Sep/2025:18:55:22 +0000] "PATCH /accounts/roles?id=123456789&newRole=hr HTTP/1.1" 400 11 "-" "PostmanRuntime/7.45.0"
::1 - - [07/Sep/2025:18:56:39 +0000] "PATCH /accounts/roles?id=123456789&newRole=hr HTTP/1.1" 400 11 "-" "PostmanRuntime/7.45.0"
::1 - - [07/Sep/2025:18:59:56 +0000] "PATCH /accounts/roles?id=123456789&newRole=hr HTTP/1.1" 200 196 "-" "PostmanRuntime/7.45.0"
::1 - - [07/Sep/2025:19:02:25 +0000] "POST /accounts HTTP/1.1" 201 15 "-" "PostmanRuntime/7.45.0"
::1 - - [07/Sep/2025:19:04:06 +0000] "DELETE /accounts?id=112345678 HTTP/1.1" 500 21 "-" "PostmanRuntime/7.45.0"
::1 - - [07/Sep/2025:19:04:30 +0000] "DELETE /accounts?id=112345678 HTTP/1.1" 500 21 "-" "PostmanRuntime/7.45.0"
::1 - - [07/Sep/2025:19:05:17 +0000] "DELETE /accounts?id=112345678 HTTP/1.1" 500 21 "-" "PostmanRuntime/7.45.0"
::1 - - [07/Sep/2025:19:07:06 +0000] "DELETE /accounts?id=112345678 HTTP/1.1" 500 21 "-" "PostmanRuntime/7.45.0"
::1 - - [07/Sep/2025:19:14:30 +0000] "DELETE /accounts?id=112345678 HTTP/1.1" 200 211 "-" "PostmanRuntime/7.45.0"
::1 - - [07/Sep/2025:19:15:59 +0000] "GET /accounts HTTP/1.1" 200 213 "-" "PostmanRuntime/7.45.0"
::1 - - [07/Sep/2025:19:16:48 +0000] "POST /accounts HTTP/1.1" 201 15 "-" "PostmanRuntime/7.45.0"
::1 - - [07/Sep/2025:19:20:12 +0000] "DELETE /accounts?id=112345678 HTTP/1.1" 200 211 "-" "PostmanRuntime/7.45.0"
::1 - - [07/Sep/2025:19:20:20 +0000] "POST /accounts HTTP/1.1" 201 15 "-" "PostmanRuntime/7.45.0"
