{"level":"error","message":"2025-09-10T19:02:30.142Z => Previous shift not closed, 409 Conflict"}

{"level":"error","message":"Cannot take break on closed shift","method":"PATCH","stack":"Error: Cannot take break on closed shift\n    at ShiftControlServiceImplMongo.takeBreak (file:///Users/dinaratylemisova/WebstormProjects/NodeJS/time_tracking_dinara/build/src/services/ShiftControlServiceImplMongo.js:69:19)\n    at process.processTicksAndRejections (node:internal/process/task_queues:105:5)\n    at async takeBreak (file:///Users/dinaratylemisova/WebstormProjects/NodeJS/time_tracking_dinara/build/src/controllers/shiftControlController.js:25:20)","status":409,"url":"/shifts/break?table_num=f70f2068-814d-4590-9c65-538ef03aba3b&min=15"}
{"level":"error","message":"Forbidden to start shift","method":"POST","stack":"Error: Forbidden to start shift\n    at ShiftControlServiceImplMongo.startShift (file:///Users/dinaratylemisova/WebstormProjects/NodeJS/time_tracking_dinara/build/src/services/ShiftControlServiceImplMongo.js:22:23)\n    at process.processTicksAndRejections (node:internal/process/task_queues:105:5)\n    at async startShift (file:///Users/dinaratylemisova/WebstormProjects/NodeJS/time_tracking_dinara/build/src/controllers/shiftControlController.js:7:20)","status":409,"url":"/shifts?table_num=f70f2068-814d-4590-9c65-538ef03aba3b"}
{"level":"error","message":"\"id\" length must be 9 characters long","method":"POST","stack":"Error: \"id\" length must be 9 characters long\n    at file:///Users/dinaratylemisova/WebstormProjects/NodeJS/time_tracking_dinara/build/src/validation/validation.js:8:15\n    at Layer.handleRequest (/Users/dinaratylemisova/WebstormProjects/NodeJS/time_tracking_dinara/node_modules/router/lib/layer.js:152:17)\n    at next (/Users/dinaratylemisova/WebstormProjects/NodeJS/time_tracking_dinara/node_modules/router/lib/route.js:157:13)\n    at Route.dispatch (/Users/dinaratylemisova/WebstormProjects/NodeJS/time_tracking_dinara/node_modules/router/lib/route.js:117:3)\n    at handle (/Users/dinaratylemisova/WebstormProjects/NodeJS/time_tracking_dinara/node_modules/router/index.js:435:11)\n    at Layer.handleRequest (/Users/dinaratylemisova/WebstormProjects/NodeJS/time_tracking_dinara/node_modules/router/lib/layer.js:152:17)\n    at /Users/dinaratylemisova/WebstormProjects/NodeJS/time_tracking_dinara/node_modules/router/index.js:295:15\n    at processParams (/Users/dinaratylemisova/WebstormProjects/NodeJS/time_tracking_dinara/node_modules/router/index.js:582:12)\n    at next (/Users/dinaratylemisova/WebstormProjects/NodeJS/time_tracking_dinara/node_modules/router/index.js:291:5)\n    at router.handle (/Users/dinaratylemisova/WebstormProjects/NodeJS/time_tracking_dinara/node_modules/router/index.js:186:3)","status":400,"url":"/accounts"}
{"level":"warn","message":"[hireEmployee] Employee with  112345678 already exists"}
{"level":"error","message":"Employee already exists","method":"POST","stack":"Error: Employee already exists\n    at AccountServiceImplMongo.hireEmployee (file:///Users/dinaratylemisova/WebstormProjects/NodeJS/time_tracking_dinara/build/src/services/AccountServiceImplMongo.js:12:19)\n    at process.processTicksAndRejections (node:internal/process/task_queues:105:5)\n    at async hireEmployee (file:///Users/dinaratylemisova/WebstormProjects/NodeJS/time_tracking_dinara/build/src/controllers/accountController.js:6:5)","status":409,"url":"/accounts"}
{"level":"error","message":"\"id\" length must be 9 characters long","method":"PATCH","stack":"Error: \"id\" length must be 9 characters long\n    at file:///Users/dinaratylemisova/WebstormProjects/NodeJS/time_tracking_dinara/build/src/validation/validation.js:8:15\n    at Layer.handleRequest (/Users/dinaratylemisova/WebstormProjects/NodeJS/time_tracking_dinara/node_modules/router/lib/layer.js:152:17)\n    at next (/Users/dinaratylemisova/WebstormProjects/NodeJS/time_tracking_dinara/node_modules/router/lib/route.js:157:13)\n    at Route.dispatch (/Users/dinaratylemisova/WebstormProjects/NodeJS/time_tracking_dinara/node_modules/router/lib/route.js:117:3)\n    at handle (/Users/dinaratylemisova/WebstormProjects/NodeJS/time_tracking_dinara/node_modules/router/index.js:435:11)\n    at Layer.handleRequest (/Users/dinaratylemisova/WebstormProjects/NodeJS/time_tracking_dinara/node_modules/router/lib/layer.js:152:17)\n    at /Users/dinaratylemisova/WebstormProjects/NodeJS/time_tracking_dinara/node_modules/router/index.js:295:15\n    at processParams (/Users/dinaratylemisova/WebstormProjects/NodeJS/time_tracking_dinara/node_modules/router/index.js:582:12)\n    at next (/Users/dinaratylemisova/WebstormProjects/NodeJS/time_tracking_dinara/node_modules/router/index.js:291:5)\n    at router.handle (/Users/dinaratylemisova/WebstormProjects/NodeJS/time_tracking_dinara/node_modules/router/index.js:186:3)","status":400,"url":"/accounts/password"}
{"level":"warn","message":"[changePassword] Account with  123450909 not found"}
{"level":"error","message":"Account not found","method":"PATCH","stack":"Error: Account not found\n    at AccountServiceImplMongo.changePassword (file:///Users/dinaratylemisova/WebstormProjects/NodeJS/time_tracking_dinara/build/src/services/AccountServiceImplMongo.js:53:19)\n    at process.processTicksAndRejections (node:internal/process/task_queues:105:5)\n    at async changePassword (file:///Users/dinaratylemisova/WebstormProjects/NodeJS/time_tracking_dinara/build/src/controllers/accountController.js:24:5)","status":404,"url":"/accounts/password"}
{"level":"warn","message":"[hireEmployee] Employee with  112345678 already exists"}
{"level":"error","message":"Employee already exists","method":"POST","stack":"Error: Employee already exists\n    at AccountServiceImplMongo.hireEmployee (file:///Users/dinaratylemisova/WebstormProjects/NodeJS/time_tracking_dinara/build/src/services/AccountServiceImplMongo.js:12:19)\n    at process.processTicksAndRejections (node:internal/process/task_queues:105:5)\n    at async hireEmployee (file:///Users/dinaratylemisova/WebstormProjects/NodeJS/time_tracking_dinara/build/src/controllers/accountController.js:6:5)","status":409,"url":"/accounts"}
{"level":"warn","message":"[hireEmployee] Employee with  112345678 already exists"}
{"level":"error","message":"Employee already exists","method":"POST","stack":"Error: Employee already exists\n    at AccountServiceImplMongo.hireEmployee (file:///Users/dinaratylemisova/WebstormProjects/NodeJS/time_tracking_dinara/build/src/services/AccountServiceImplMongo.js:12:19)\n    at process.processTicksAndRejections (node:internal/process/task_queues:105:5)\n    at async hireEmployee (file:///Users/dinaratylemisova/WebstormProjects/NodeJS/time_tracking_dinara/build/src/controllers/accountController.js:6:5)","status":409,"url":"/accounts"}
{"level":"warn","message":"[hireEmployee] Employee with  112345678 already exists"}
{"level":"error","message":"Employee already exists","method":"POST","stack":"Error: Employee already exists\n    at AccountServiceImplMongo.hireEmployee (file:///Users/dinaratylemisova/WebstormProjects/NodeJS/time_tracking_dinara/build/src/services/AccountServiceImplMongo.js:12:19)\n    at process.processTicksAndRejections (node:internal/process/task_queues:105:5)\n    at async hireEmployee (file:///Users/dinaratylemisova/WebstormProjects/NodeJS/time_tracking_dinara/build/src/controllers/accountController.js:6:5)","status":409,"url":"/accounts"}
{"level":"warn","message":"[hireEmployee] Employee with  111234567 already exists"}
{"level":"error","message":"Employee already exists","method":"POST","stack":"Error: Employee already exists\n    at AccountServiceImplMongo.hireEmployee (file:///Users/dinaratylemisova/WebstormProjects/NodeJS/time_tracking_dinara/build/src/services/AccountServiceImplMongo.js:12:19)\n    at process.processTicksAndRejections (node:internal/process/task_queues:105:5)\n    at async hireEmployee (file:///Users/dinaratylemisova/WebstormProjects/NodeJS/time_tracking_dinara/build/src/controllers/accountController.js:6:5)","status":409,"url":"/accounts"}
{"level":"info","message":"[hireEmployee] Employee with 111123456 was added"}
{"level":"warn","message":"[hireEmployee] Employee with  111123456 already exists"}
{"level":"error","message":"Employee already exists","method":"POST","stack":"Error: Employee already exists\n    at AccountServiceImplMongo.hireEmployee (file:///Users/dinaratylemisova/WebstormProjects/NodeJS/time_tracking_dinara/build/src/services/AccountServiceImplMongo.js:12:19)\n    at process.processTicksAndRejections (node:internal/process/task_queues:105:5)\n    at async hireEmployee (file:///Users/dinaratylemisova/WebstormProjects/NodeJS/time_tracking_dinara/build/src/controllers/accountController.js:6:5)","status":409,"url":"/accounts"}
{"level":"warn","message":"[changePassword] Account with  123450909 not found"}
{"level":"error","message":"Account not found","method":"PATCH","stack":"Error: Account not found\n    at AccountServiceImplMongo.changePassword (file:///Users/dinaratylemisova/WebstormProjects/NodeJS/time_tracking_dinara/build/src/services/AccountServiceImplMongo.js:53:19)\n    at process.processTicksAndRejections (node:internal/process/task_queues:105:5)\n    at async changePassword (file:///Users/dinaratylemisova/WebstormProjects/NodeJS/time_tracking_dinara/build/src/controllers/accountController.js:24:5)","status":404,"url":"/accounts/password"}
{"level":"warn","message":"[startShift] Employee f70f2068-814d-4590-9c65-538ef03aba3b: Time between shifts less then 8 hours"}
{"level":"error","message":"Forbidden to start shift","method":"POST","stack":"Error: Forbidden to start shift\n    at ShiftControlServiceImplMongo.startShift (file:///Users/dinaratylemisova/WebstormProjects/NodeJS/time_tracking_dinara/build/src/services/ShiftControlServiceImplMongo.js:24:23)\n    at process.processTicksAndRejections (node:internal/process/task_queues:105:5)\n    at async startShift (file:///Users/dinaratylemisova/WebstormProjects/NodeJS/time_tracking_dinara/build/src/controllers/shiftControlController.js:7:20)","status":409,"url":"/shifts?table_num=f70f2068-814d-4590-9c65-538ef03aba3b"}
{"level":"warn","message":"[hireEmployee] Employee with  111123456 already exists"}
{"level":"error","message":"Employee already exists","method":"POST","stack":"Error: Employee already exists\n    at AccountServiceImplMongo.hireEmployee (file:///Users/dinaratylemisova/WebstormProjects/NodeJS/time_tracking_dinara/build/src/services/AccountServiceImplMongo.js:12:19)\n    at process.processTicksAndRejections (node:internal/process/task_queues:105:5)\n    at async hireEmployee (file:///Users/dinaratylemisova/WebstormProjects/NodeJS/time_tracking_dinara/build/src/controllers/accountController.js:6:5)","status":409,"url":"/accounts"}
{"level":"info","message":"[hireEmployee] Employee with 111112345 was added"}
{"level":"info","message":"[setRole] Role of employee 111112345 changed to hr"}
{"level":"warn","message":"[startShift] Employee f70f2068-814d-4590-9c65-538ef03aba3b: Time between shifts less then 8 hours"}
{"level":"error","message":"Forbidden to start shift","method":"POST","stack":"Error: Forbidden to start shift\n    at ShiftControlServiceImplMongo.startShift (file:///Users/dinaratylemisova/WebstormProjects/NodeJS/time_tracking_dinara/build/src/services/ShiftControlServiceImplMongo.js:24:23)\n    at process.processTicksAndRejections (node:internal/process/task_queues:105:5)\n    at async startShift (file:///Users/dinaratylemisova/WebstormProjects/NodeJS/time_tracking_dinara/build/src/controllers/shiftControlController.js:7:20)","status":409,"url":"/shifts?table_num=f70f2068-814d-4590-9c65-538ef03aba3b"}
{"level":"info","message":"Employee 963cce53-5775-4d8c-acc7-515949506570 started new shift at 1757631340517"}
{"level":"error","message":"Forbidden to take break","method":"PATCH","stack":"Error: Forbidden to take break\n    at checkBreak (file:///Users/dinaratylemisova/WebstormProjects/NodeJS/time_tracking_dinara/build/src/utils/tools.js:29:15)\n    at ShiftControlServiceImplMongo.takeBreak (file:///Users/dinaratylemisova/WebstormProjects/NodeJS/time_tracking_dinara/build/src/services/ShiftControlServiceImplMongo.js:85:27)\n    at process.processTicksAndRejections (node:internal/process/task_queues:105:5)\n    at async takeBreak (file:///Users/dinaratylemisova/WebstormProjects/NodeJS/time_tracking_dinara/build/src/controllers/shiftControlController.js:25:20)","status":409,"url":"/shifts/break?table_num=963cce53-5775-4d8c-acc7-515949506570&min=15"}
{"level":"warn","message":"[hireEmployee] Employee with  123 already exists"}
{"level":"warn","message":"[hireEmployee] Employee with  123 already exists"}
{"level":"warn","message":"[hireEmployee] Employee with  123 already exists"}
{"level":"warn","message":"[hireEmployee] Employee with  123 already exists"}
{"level":"warn","message":"[hireEmployee] Employee with  123 already exists"}
{"level":"warn","message":"[hireEmployee] Employee with  123 already exists"}
{"level":"warn","message":"[hireEmployee] Employee with  123 already exists"}
{"level":"warn","message":"[hireEmployee] Employee with  123 already exists"}
{"level":"warn","message":"[hireEmployee] Employee with  123 already exists"}
{"level":"warn","message":"[hireEmployee] Employee with  123 already exists"}
{"level":"warn","message":"[hireEmployee] Employee with  123 already exists"}
{"level":"warn","message":"[hireEmployee] Employee with  123 already exists"}
{"level":"warn","message":"[hireEmployee] Employee with  123 already exists"}
{"level":"warn","message":"[hireEmployee] Employee with  123 already exists"}
{"level":"warn","message":"[hireEmployee] Employee with  123 already exists"}
{"level":"warn","message":"[hireEmployee] Employee with  123 already exists"}
{"level":"warn","message":"[hireEmployee] Employee with  123 already exists"}
{"level":"warn","message":"[hireEmployee] Employee with  123 already exists"}
{"level":"warn","message":"[hireEmployee] Employee with  123 already exists"}
{"level":"warn","message":"[hireEmployee] Employee with  123 already exists"}
{"level":"warn","message":"[hireEmployee] Employee with  123 already exists"}
{"level":"warn","message":"[hireEmployee] Employee with  123 already exists"}
{"level":"warn","message":"[hireEmployee] Employee with  123 already exists"}
{"level":"warn","message":"[hireEmployee] Employee with  123 already exists"}
{"level":"warn","message":"[hireEmployee] Employee with  123 already exists"}
{"level":"warn","message":"[hireEmployee] Employee with  123 already exists"}
{"level":"warn","message":"[hireEmployee] Employee with  123 already exists"}
{"level":"warn","message":"[hireEmployee] Employee with  123 already exists"}
{"level":"warn","message":"[hireEmployee] Employee with  123 already exists"}
{"level":"warn","message":"[hireEmployee] Employee with  123 already exists"}
{"level":"warn","message":"[hireEmployee] Employee with 123 was fired 2024-05-03"}
{"level":"warn","message":"[hireEmployee] Employee with  123 already exists"}
{"level":"warn","message":"[hireEmployee] Employee with 123 was fired 2024-05-03"}
{"level":"info","message":"[hireEmployee] Employee with 123 was added"}
{"level":"warn","message":"[hireEmployee] Employee with  123 already exists"}
{"level":"warn","message":"[hireEmployee] Employee with 123 was fired 2024-05-03"}
{"level":"info","message":"[hireEmployee] Employee with 123 was added"}
{"level":"warn","message":"[hireEmployee] Employee with  123 already exists"}
{"level":"warn","message":"[hireEmployee] Employee with 123 was fired 2024-05-03"}
{"level":"warn","message":"[hireEmployee] Employee with  123 already exists"}
{"level":"warn","message":"[hireEmployee] Employee with 123 was fired 2024-05-03"}
{"level":"info","message":"[hireEmployee] Employee with 123 was added"}
{"level":"warn","message":"[hireEmployee] Employee with 123 was fired 2024-05-03"}
{"level":"info","message":"[hireEmployee] Employee with 123 was added"}
{"level":"warn","message":"[hireEmployee] Employee with  123 already exists"}
{"level":"warn","message":"[hireEmployee] Employee with 123 was fired 2024-05-03"}
{"level":"info","message":"[hireEmployee] Employee with 123 was added"}
{"level":"info","message":"[hireEmployee] Employee with 123 was added"}
{"level":"warn","message":"[hireEmployee] Employee with  123 already exists"}
{"level":"warn","message":"[hireEmployee] Employee with  123 already exists"}
{"level":"info","message":"[hireEmployee] Employee with 123 was added"}
{"level":"info","message":"[hireEmployee] Employee with 123 was added"}
{"level":"warn","message":"[hireEmployee] Employee with  123 already exists"}
{"level":"info","message":"[hireEmployee] Employee with 123 was added"}
{"level":"warn","message":"[hireEmployee] Employee with  123 already exists"}
{"level":"info","message":"[hireEmployee] Employee with 123 was added"}
{"level":"info","message":"[hireEmployee] Employee with 123 was added"}
{"level":"warn","message":"[hireEmployee] Employee with  123 already exists"}
{"level":"info","message":"[hireEmployee] Employee with 123 was added"}
{"level":"warn","message":"[hireEmployee] Employee with  123 already exists"}
{"level":"info","message":"[hireEmployee] Employee with 123 was added"}
{"level":"warn","message":"[hireEmployee] Employee with  123 already exists"}
{"level":"info","message":"[hireEmployee] Employee with 123 was added"}
{"level":"warn","message":"[hireEmployee] Employee with  123 already exists"}
{"level":"info","message":"[hireEmployee] Employee with 123 was added"}
{"level":"warn","message":"[hireEmployee] Employee with  123 already exists"}
{"level":"info","message":"[hireEmployee] Employee with 123 was added"}
{"level":"info","message":"[hireEmployee] Employee with 123 was added"}
{"level":"info","message":"[hireEmployee] Employee with 123 was added"}
{"level":"info","message":"[hireEmployee] Employee with 123 was added"}
{"level":"warn","message":"[hireEmployee] Employee with  123 already exists"}
{"level":"info","message":"[hireEmployee] Employee with 123 was added"}
{"level":"warn","message":"[fireEmployee] Employee with  1234 not found"}
{"level":"warn","message":"[fireEmployee] Employee with  1234 not found"}
{"level":"warn","message":"[fireEmployee] Employee with  1234 not found"}
{"level":"warn","message":"[fireEmployee] Employee with  1234 not found"}
{"level":"warn","message":"[fireEmployee] Employee with  1234 not found"}
{"level":"warn","message":"[fireEmployee] Employee with  1234 not found"}
{"level":"warn","message":"[fireEmployee] Employee with  1234 not found"}
{"level":"warn","message":"[fireEmployee] Employee with  1234 not found"}
{"level":"warn","message":"[fireEmployee] Employee with  1234 not found"}
{"level":"warn","message":"[fireEmployee] Employee with  1234 not found"}
{"level":"info","message":"[fireEmployee] Employee with 123 was fired and and moved to firedEmployee_collection"}
{"level":"info","message":"[fireEmployee] Employee with 123 was fired and and moved to firedEmployee_collection"}
{"level":"info","message":"[fireEmployee] Employee with 123 was fired and and moved to firedEmployee_collection"}
{"level":"info","message":"[fireEmployee] Employee with 123 was fired and and moved to firedEmployee_collection"}
{"level":"info","message":"[fireEmployee] Employee with 123 was fired and and moved to firedEmployee_collection"}
{"level":"info","message":"[fireEmployee] Employee with 123 was fired and and moved to firedEmployee_collection"}
{"level":"info","message":"[fireEmployee] Employee with 123 was fired and and moved to firedEmployee_collection"}
{"level":"info","message":"[fireEmployee] Employee with 123 was fired and and moved to firedEmployee_collection"}
{"level":"info","message":"[fireEmployee] Employee with 123 was fired and and moved to firedEmployee_collection"}
{"level":"info","message":"[fireEmployee] Employee with 123 was fired and and moved to firedEmployee_collection"}
{"level":"warn","message":"[fireEmployee] Employee with  1234 not found"}
{"level":"warn","message":"[fireEmployee] Employee with  1234 not found"}
{"level":"info","message":"[fireEmployee] Employee with 123 was fired and and moved to firedEmployee_collection"}
{"level":"info","message":"[fireEmployee] Employee with 123 was fired and and moved to firedEmployee_collection"}
{"level":"info","message":"[fireEmployee] Employee with 123 was fired and and moved to firedEmployee_collection"}
{"level":"info","message":"[fireEmployee] Employee with 123 was fired and and moved to firedEmployee_collection"}
{"level":"info","message":"[fireEmployee] Employee with 123 was fired and and moved to firedEmployee_collection"}
{"level":"info","message":"[fireEmployee] Employee with 123 was fired and and moved to firedEmployee_collection"}
{"level":"info","message":"[fireEmployee] Employee with 123 was fired and and moved to firedEmployee_collection"}
{"level":"info","message":"[fireEmployee] Employee with 123 was fired and and moved to firedEmployee_collection"}
{"level":"info","message":"[fireEmployee] Employee with 123 was fired and and moved to firedEmployee_collection"}
{"level":"warn","message":"[fireEmployee] Employee with  1234 not found"}
{"level":"warn","message":"[fireEmployee] Employee with  1234 not found"}
{"level":"info","message":"[fireEmployee] Employee with 123 was fired and and moved to firedEmployee_collection"}
{"level":"info","message":"[fireEmployee] Employee with 1234 was fired and and moved to firedEmployee_collection"}
{"level":"info","message":"[fireEmployee] Employee with 123 was fired and and moved to firedEmployee_collection"}
{"level":"info","message":"[fireEmployee] Employee with 123 was fired and and moved to firedEmployee_collection"}
{"level":"info","message":"[fireEmployee] Employee with 1234 was fired and and moved to firedEmployee_collection"}
{"level":"info","message":"[fireEmployee] Employee with 123 was fired and and moved to firedEmployee_collection"}
{"level":"info","message":"[fireEmployee] Employee with 123 was fired and and moved to firedEmployee_collection"}
{"level":"info","message":"[hireEmployee] Employee with 123 was added"}
{"level":"warn","message":"[hireEmployee] Employee with  123 already exists"}
{"level":"info","message":"[hireEmployee] Employee with 123 was added"}
{"level":"info","message":"[fireEmployee] Employee with 1234 was fired and and moved to firedEmployee_collection"}
{"level":"info","message":"[fireEmployee] Employee with 123 was fired and and moved to firedEmployee_collection"}
{"level":"info","message":"[fireEmployee] Employee with 1234 was fired and and moved to firedEmployee_collection"}
{"level":"warn","message":"[fireEmployee] Employee with  1234 not found"}
{"level":"warn","message":"[fireEmployee] Employee with  1234 not found"}
{"level":"info","message":"[hireEmployee] Employee with 123 was added"}
{"level":"warn","message":"[fireEmployee] Employee with  1234 not found"}
{"level":"warn","message":"[fireEmployee] Employee with  1234 not found"}
{"level":"warn","message":"[fireEmployee] Employee with  1234 not found"}
{"level":"info","message":"[fireEmployee] Employee with 123 was fired and and moved to firedEmployee_collection"}
{"level":"info","message":"[fireEmployee] Employee with 123 was fired and and moved to firedEmployee_collection"}
{"level":"info","message":"[fireEmployee] Employee with 1234 was fired and and moved to firedEmployee_collection"}
{"level":"info","message":"[fireEmployee] Employee with 123 was fired and and moved to firedEmployee_collection"}
{"level":"info","message":"[fireEmployee] Employee with 1234 was fired and and moved to firedEmployee_collection"}
{"level":"info","message":"[fireEmployee] Employee with 123 was fired and and moved to firedEmployee_collection"}
{"level":"info","message":"[fireEmployee] Employee with 1234 was fired and and moved to firedEmployee_collection"}
{"level":"info","message":"[fireEmployee] Employee with 123 was fired and and moved to firedEmployee_collection"}
{"level":"info","message":"[fireEmployee] Employee with 1234 was fired and and moved to firedEmployee_collection"}
{"level":"info","message":"[fireEmployee] Employee with 123 was fired and and moved to firedEmployee_collection"}
{"level":"info","message":"[fireEmployee] Employee with 1234 was fired and and moved to firedEmployee_collection"}
{"level":"info","message":"[fireEmployee] Employee with 123 was fired and and moved to firedEmployee_collection"}
{"level":"info","message":"[fireEmployee] Employee with 123 was fired and and moved to firedEmployee_collection"}
{"level":"info","message":"[fireEmployee] Employee with 1234 was fired and and moved to firedEmployee_collection"}
{"level":"info","message":"[fireEmployee] Employee with 123 was fired and and moved to firedEmployee_collection"}
{"level":"warn","message":"[fireEmployee] Employee with  1234 not found"}
{"level":"warn","message":"[fireEmployee] Employee with  1234 not found"}
{"level":"info","message":"[fireEmployee] Employee with 123 was fired and and moved to firedEmployee_collection"}
{"level":"warn","message":"[fireEmployee] Employee with  1234 not found"}
{"level":"warn","message":"[fireEmployee] Employee with  1234 not found"}
{"level":"warn","message":"[fireEmployee] Employee with  1234 not found"}
{"level":"info","message":"[fireEmployee] Employee with 123 was fired and and moved to firedEmployee_collection"}
{"level":"warn","message":"[fireEmployee] Employee with  1234 not found"}
{"level":"warn","message":"[fireEmployee] Employee with  1234 not found"}
{"level":"warn","message":"[fireEmployee] Employee with  1234 not found"}
{"level":"warn","message":"[fireEmployee] Employee with  1234 not found"}
{"level":"warn","message":"[fireEmployee] Employee with  1234 not found"}
{"level":"warn","message":"[fireEmployee] Employee with  1234 not found"}
{"level":"info","message":"[fireEmployee] Employee with 123 was fired and and moved to firedEmployee_collection"}
{"level":"warn","message":"[fireEmployee] Employee with  1234 not found"}
{"level":"info","message":"[fireEmployee] Employee with 123 was fired and and moved to firedEmployee_collection"}
{"level":"info","message":"Service start to process request"}
{"level":"warn","message":"[startShift] 2025-09-18T09:52:12.480Z => Previous shift not closed, 409 Conflict"}
{"level":"error","message":"Forbidden to start shift","method":"POST","stack":"Error: Forbidden to start shift\n    at ShiftControlServiceImplMongo.startShift (file:///Users/dinaratylemisova/WebstormProjects/NodeJS/time_tracking_dinara/build/src/services/ShiftControlServiceImplMongo.js:18:19)\n    at process.processTicksAndRejections (node:internal/process/task_queues:105:5)\n    at async startShift (file:///Users/dinaratylemisova/WebstormProjects/NodeJS/time_tracking_dinara/build/src/controllers/shiftControlController.js:10:20)","status":409,"url":"/shifts?table_num=963cce53-5775-4d8c-acc7-515949506570"}
{"level":"info","message":"Employee 963cce53-5775-4d8c-acc7-515949506570 finished shift at 1757631340517"}
{"level":"info","message":"Service start to process request"}
{"level":"warn","message":"[startShift] Employee 963cce53-5775-4d8c-acc7-515949506570: Time between shifts less then 8 hours"}
{"level":"error","message":"Forbidden to start shift","method":"POST","stack":"Error: Forbidden to start shift\n    at ShiftControlServiceImplMongo.startShift (file:///Users/dinaratylemisova/WebstormProjects/NodeJS/time_tracking_dinara/build/src/services/ShiftControlServiceImplMongo.js:25:23)\n    at process.processTicksAndRejections (node:internal/process/task_queues:105:5)\n    at async startShift (file:///Users/dinaratylemisova/WebstormProjects/NodeJS/time_tracking_dinara/build/src/controllers/shiftControlController.js:10:20)","status":409,"url":"/shifts?table_num=963cce53-5775-4d8c-acc7-515949506570"}
{"level":"info","message":"Service start to process request"}
{"level":"info","message":"Employee f70f2068-814d-4590-9c65-538ef03aba3b started new shift at 1758189270209"}
{"level":"warn","message":"[setRole] Attempt to change role for employee newRole failed"}
{"level":"info","message":"[setRole] Role of employee 123 changed to newRole"}
{"level":"info","message":"[setRole] Role of employee 123 changed to newRole"}
{"level":"info","message":"[setRole] Role of employee 123 changed to newRole"}
{"level":"info","message":"[setRole] Role of employee 123 changed to newRole"}
{"level":"warn","message":"[setRole] Attempt to change role for employee newRole failed"}
{"level":"info","message":"[setRole] Role of employee 123 changed to newRole"}
{"level":"warn","message":"[changePassword] Account with  1234 not found"}
{"level":"warn","message":"[changePassword] Account with  1234 not found"}
{"level":"warn","message":"[changePassword] Account with  1234 not found"}
{"level":"warn","message":"[changePassword] Account with  1234 not found"}
{"level":"info","message":"[changePassword] Password of employee with 123 was changed"}
{"level":"info","message":"[changePassword] Password of employee with 123 was changed"}
{"level":"info","message":"[changePassword] Password of employee with 123 was changed"}
{"level":"info","message":"[changePassword] Password of employee with 123 was changed"}
{"level":"info","message":"[changePassword] Password of employee with 123 was changed"}
{"level":"info","message":"[changePassword] Password of employee with 123 was changed"}
{"level":"warn","message":"[updateEmployee] Employee with  1234 not found"}
{"level":"info","message":"[updateEmployee] Employee 123 updated: firstName=MockEmp, lastName=MOCK`"}
{"level":"info","message":"[updateEmployee] Employee 123 updated: firstName=MockEmp, lastName=MOCK`"}
{"level":"info","message":"[updateEmployee] Employee 444 updated: firstName=MockEmp, lastName=MOCK`"}
{"level":"info","message":"[changePassword] Password of employee with 123 was changed"}
{"level":"info","message":"[changePassword] Password of employee with 123 was changed"}
{"level":"info","message":"[changePassword] Password of employee with 123 was changed"}
{"level":"info","message":"[changePassword] Password of employee with 123 was changed"}
{"level":"info","message":"[changePassword] Password of employee with 123 was changed"}
{"level":"info","message":"[changePassword] Password of employee with 123 was changed"}
{"level":"info","message":"[changePassword] Password of employee with 123 was changed"}
